2025-12-11 10:27:17,490 [INFO] Activator:176 - 


2025-12-11 10:27:17,493 [INFO] Activator:177 - !SESSION log4j initialized
2025-12-11 10:27:24,213 [INFO] LogOutputStream:77 - [STDOUT_REDIRECT] 
2025-12-11 10:27:38,287 [INFO] ApplicationProperties:184 - Using Application install path: C:\ST\STM32CubeIDE_1.16.1\STM32CubeIDE\plugins\com.st.stm32cube.common.mx_6.12.1.202409122256
2025-12-11 10:27:38,329 [INFO] DbMcusXml:78 - Set database path to: C:\ST\STM32CubeIDE_1.16.1\STM32CubeIDE\plugins\com.st.stm32cube.common.mx_6.12.1.202409122256\\db\/mcu/
2025-12-11 10:27:38,330 [INFO] ApiDb:274 - Set plugin database path to: C:\ST\STM32CubeIDE_1.16.1\STM32CubeIDE\plugins\com.st.stm32cube.common.mx_6.12.1.202409122256\\db\/plugins/boardmanager/
2025-12-11 10:27:38,331 [WARN] ApiDb:259 - Overriding images path with different value:  => C:\ST\STM32CubeIDE_1.16.1\STM32CubeIDE\plugins\com.st.stm32cube.common.mx_6.12.1.202409122256\\db\/plugins/mcufinder/images/
2025-12-11 10:27:38,351 [INFO] ApiDb:250 - Set database path to: C:\Users\brych\.stmcufinder\plugins\mcufinder//mcu/
2025-12-11 10:27:38,353 [INFO] DbMcusAds:125 - Set database path to: C:\Users\brych\.stmcufinder\plugins\mcufinder//mcu/
2025-12-11 10:27:38,375 [INFO] CrossReferenceDbSqlite:203 - Set database path to: C:\Users\brych\.stmcufinder\plugins\mcufinder//mcu/cs/
2025-12-11 10:27:38,635 [INFO] RulesReader:64 - Compatibility file has been processed (297 Rules)
2025-12-11 10:27:38,828 [INFO] DbMcusXml:78 - Set database path to: C:\ST\STM32CubeIDE_1.16.1\STM32CubeIDE\plugins\com.st.stm32cube.common.mx_6.12.1.202409122256\\db\/mcu/
2025-12-11 10:27:38,829 [INFO] ApiDb:274 - Set plugin database path to: C:\ST\STM32CubeIDE_1.16.1\STM32CubeIDE\plugins\com.st.stm32cube.common.mx_6.12.1.202409122256\\db\/plugins/boardmanager/
2025-12-11 10:27:38,829 [INFO] ApiDb:261 - Set plugin images path to: C:\ST\STM32CubeIDE_1.16.1\STM32CubeIDE\plugins\com.st.stm32cube.common.mx_6.12.1.202409122256\\db\/plugins/mcufinder/images/
2025-12-11 10:27:38,830 [WARN] DbFile:41 - Overriding database path with different value: C:\Users\brych\.stmcufinder\plugins\mcufinder/ => C:\Users\brych\.stmcufinder\plugins\mcufinder
2025-12-11 10:27:38,830 [INFO] ApiDb:250 - Set database path to: C:\Users\brych\.stmcufinder\plugins\mcufinder//mcu/
2025-12-11 10:27:38,831 [WARN] DbFile:41 - Overriding database path with different value: C:\Users\brych\.stmcufinder\plugins\mcufinder/ => C:\Users\brych\.stmcufinder\plugins\mcufinder
2025-12-11 10:27:38,831 [INFO] DbMcusAds:125 - Set database path to: C:\Users\brych\.stmcufinder\plugins\mcufinder//mcu/
2025-12-11 10:27:38,831 [WARN] DbFile:41 - Overriding database path with different value: C:\Users\brych\.stmcufinder\plugins\mcufinder/ => C:\Users\brych\.stmcufinder\plugins\mcufinder
2025-12-11 10:27:38,831 [WARN] DbFile:41 - Overriding database path with different value: C:\Users\brych\.stmcufinder\plugins\mcufinder/ => C:\Users\brych\.stmcufinder\plugins\mcufinder
2025-12-11 10:27:38,832 [INFO] CrossReferenceDbSqlite:203 - Set database path to: C:\Users\brych\.stmcufinder\plugins\mcufinder//mcu/cs/
2025-12-11 10:27:39,005 [INFO] MainPanel:268 - HeapMemory: 268435456
2025-12-11 10:27:39,209 [INFO] DbMcusXml:78 - Set database path to: C:\ST\STM32CubeIDE_1.16.1\STM32CubeIDE\plugins\com.st.stm32cube.common.mx_6.12.1.202409122256\\db\/mcu/
2025-12-11 10:27:39,209 [INFO] ApiDb:274 - Set plugin database path to: C:\ST\STM32CubeIDE_1.16.1\STM32CubeIDE\plugins\com.st.stm32cube.common.mx_6.12.1.202409122256\\db\/plugins/boardmanager/
2025-12-11 10:27:39,209 [INFO] ApiDb:261 - Set plugin images path to: C:\ST\STM32CubeIDE_1.16.1\STM32CubeIDE\plugins\com.st.stm32cube.common.mx_6.12.1.202409122256\\db\/plugins/mcufinder/images/
2025-12-11 10:27:39,212 [WARN] DbFile:41 - Overriding database path with different value: C:\Users\brych\.stmcufinder\plugins\mcufinder/ => C:\Users\brych\.stmcufinder\plugins\mcufinder
2025-12-11 10:27:39,212 [INFO] ApiDb:250 - Set database path to: C:\Users\brych\.stmcufinder\plugins\mcufinder//mcu/
2025-12-11 10:27:39,212 [WARN] DbFile:41 - Overriding database path with different value: C:\Users\brych\.stmcufinder\plugins\mcufinder/ => C:\Users\brych\.stmcufinder\plugins\mcufinder
2025-12-11 10:27:39,213 [INFO] DbMcusAds:125 - Set database path to: C:\Users\brych\.stmcufinder\plugins\mcufinder//mcu/
2025-12-11 10:27:39,213 [WARN] DbFile:41 - Overriding database path with different value: C:\Users\brych\.stmcufinder\plugins\mcufinder/ => C:\Users\brych\.stmcufinder\plugins\mcufinder
2025-12-11 10:27:39,214 [WARN] DbFile:41 - Overriding database path with different value: C:\Users\brych\.stmcufinder\plugins\mcufinder/ => C:\Users\brych\.stmcufinder\plugins\mcufinder
2025-12-11 10:27:39,214 [INFO] CrossReferenceDbSqlite:203 - Set database path to: C:\Users\brych\.stmcufinder\plugins\mcufinder//mcu/cs/
2025-12-11 10:27:39,258 [INFO] ApplicationProperties:184 - Using Application install path: C:\ST\STM32CubeIDE_1.16.1\STM32CubeIDE\plugins\com.st.stm32cube.common.mx_6.12.1.202409122256
2025-12-11 10:27:39,263 [INFO] PluginManage:196 - Search for loadable plugins [exclusion list=, ]
2025-12-11 10:27:39,266 [INFO] PluginManage:310 - Check plugin analytics
2025-12-11 10:27:49,117 [INFO] AnalyticsPlugin:253 - Accepted Software Licenses: 
2025-12-11 10:27:49,118 [INFO] AnalyticsPlugin:255 - Accepted CMSIS Pack Licenses: 
2025-12-11 10:27:49,119 [INFO] AnalyticsPlugin:257 - Accepted Firmware Licenses: FW.F4.1.28.0
2025-12-11 10:27:49,129 [INFO] PluginManage:359 - Loaded plugin analytics (category:tool,tabindex:-1)
2025-12-11 10:27:49,130 [INFO] PluginManage:310 - Check plugin cadmodel
2025-12-11 10:27:49,142 [INFO] CADModel:105 - Init CAD model plugin
2025-12-11 10:27:49,142 [INFO] PluginManage:359 - Loaded plugin cadmodel (category:power,tabindex:5)
2025-12-11 10:27:49,143 [INFO] PluginManage:310 - Check plugin clock
2025-12-11 10:27:49,169 [INFO] PluginManage:359 - Loaded plugin clock (category:base,tabindex:2)
2025-12-11 10:27:49,169 [INFO] PluginManage:310 - Check plugin ddr
2025-12-11 10:27:49,175 [INFO] PluginManage:359 - Loaded plugin ddr (category:tool,tabindex:6)
2025-12-11 10:27:49,175 [INFO] PluginManage:310 - Check plugin filemanager
2025-12-11 10:27:49,569 [INFO] PluginManage:359 - Loaded plugin filemanager (category:base,tabindex:10)
2025-12-11 10:27:49,569 [INFO] PluginManage:310 - Check plugin ipmanager
2025-12-11 10:27:49,590 [INFO] PluginManage:359 - Loaded plugin ipmanager (category:base,tabindex:5)
2025-12-11 10:27:49,591 [INFO] PluginManage:310 - Check plugin lpbam
2025-12-11 10:27:49,615 [INFO] PluginManage:359 - Loaded plugin lpbam (category:base,tabindex:0)
2025-12-11 10:27:49,615 [INFO] PluginManage:310 - Check plugin memorymap
2025-12-11 10:27:49,655 [INFO] PluginManage:359 - Loaded plugin memorymap (category:base,tabindex:4)
2025-12-11 10:27:49,655 [INFO] PluginManage:310 - Check plugin pinoutandconfiguration
2025-12-11 10:27:49,683 [INFO] PluginManage:359 - Loaded plugin pinoutandconfiguration (category:base,tabindex:1)
2025-12-11 10:27:49,683 [INFO] PluginManage:310 - Check plugin pinoutconfig
2025-12-11 10:27:49,900 [WARN] SupportedApi:132 - Cannot load RTOS API schema: s4s-elt-must-match.1: The content of 'definitions' must match (annotation?, (simpleType | complexType)?, (unique | key | keyref)*)). A problem was found starting at: attribute.
2025-12-11 10:27:50,208 [INFO] PluginManage:359 - Loaded plugin pinoutconfig (category:base,tabindex:0)
2025-12-11 10:27:50,209 [INFO] PluginManage:310 - Check plugin power
2025-12-11 10:27:50,233 [INFO] PluginManage:359 - Loaded plugin power (category:power,tabindex:4)
2025-12-11 10:27:50,233 [INFO] PluginManage:310 - Check plugin projectmanager
2025-12-11 10:27:50,279 [INFO] PluginManage:359 - Loaded plugin projectmanager (category:projectmanager,tabindex:4)
2025-12-11 10:27:50,279 [INFO] PluginManage:310 - Check plugin rif
2025-12-11 10:27:50,296 [INFO] PluginManage:359 - Loaded plugin rif (category:base,tabindex:3)
2025-12-11 10:27:50,297 [INFO] PluginManage:310 - Check plugin thirdparty
2025-12-11 10:27:50,768 [WARN] IntegrityCheckThread:84 - waiting for thirdparty lock release [integrity check]
2025-12-11 10:27:50,769 [INFO] PluginManage:359 - Loaded plugin thirdparty (category:base,tabindex:-1)
2025-12-11 10:27:50,769 [INFO] IntegrityCheckThread:86 - entering critical section [integrity check]
2025-12-11 10:27:50,770 [INFO] PluginManage:310 - Check plugin tools
2025-12-11 10:27:50,770 [INFO] ThirdPartyUpdaterWithRetryManager:70 - Updater plugin not ready yet. [1/15]
2025-12-11 10:27:50,781 [INFO] PluginManage:359 - Loaded plugin tools (category:base,tabindex:7)
2025-12-11 10:27:50,782 [INFO] PluginManage:310 - Check plugin tutovideos
2025-12-11 10:27:51,271 [INFO] PluginManage:359 - Loaded plugin tutovideos (category:base,tabindex:-1)
2025-12-11 10:27:51,271 [INFO] PluginManage:310 - Check plugin updater
2025-12-11 10:27:51,311 [INFO] PluginManage:359 - Loaded plugin updater (category:base,tabindex:12)
2025-12-11 10:27:51,312 [INFO] PluginManage:310 - Check plugin userauth
2025-12-11 10:27:51,325 [INFO] UserAuth:113 - Init User Auth plugin
2025-12-11 10:27:51,325 [INFO] PluginManage:359 - Loaded plugin userauth (category:base,tabindex:14)
2025-12-11 10:27:51,326 [INFO] PluginManage:283 - PluginManage : Loaded plugins [18]
2025-12-11 10:27:51,787 [INFO] PinOutPanel:1561 - setPackage(No Configuration,No Configuration)
2025-12-11 10:27:51,986 [INFO] CADModel:165 - CPN selected for project level
2025-12-11 10:27:51,986 [INFO] CADModel:114 - Register for checkConnection events
2025-12-11 10:27:52,020 [INFO] IPUIPlugin:80 - create IPUIPlugin
2025-12-11 10:27:52,021 [INFO] PluginManager:220 - loadIPPluginJar : add adc
2025-12-11 10:27:52,027 [INFO] IPUIPlugin:80 - create IPUIPlugin
2025-12-11 10:27:52,027 [INFO] PluginManager:220 - loadIPPluginJar : add aes
2025-12-11 10:27:52,035 [INFO] IPUIPlugin:80 - create IPUIPlugin
2025-12-11 10:27:52,035 [INFO] PluginManager:220 - loadIPPluginJar : add can
2025-12-11 10:27:52,039 [INFO] IPUIPlugin:80 - create IPUIPlugin
2025-12-11 10:27:52,039 [INFO] PluginManager:220 - loadIPPluginJar : add comp
2025-12-11 10:27:52,043 [INFO] IPUIPlugin:80 - create IPUIPlugin
2025-12-11 10:27:52,044 [INFO] PluginManager:220 - loadIPPluginJar : add cryp
2025-12-11 10:27:52,050 [INFO] IPUIPlugin:80 - create IPUIPlugin
2025-12-11 10:27:52,050 [INFO] PluginManager:220 - loadIPPluginJar : add ddr_ctrl_phy
2025-12-11 10:27:52,055 [INFO] IPUIPlugin:80 - create IPUIPlugin
2025-12-11 10:27:52,056 [INFO] PluginManager:220 - loadIPPluginJar : add dfsdm
2025-12-11 10:27:52,067 [INFO] IPUIPlugin:80 - create IPUIPlugin
2025-12-11 10:27:52,067 [INFO] PluginManager:220 - loadIPPluginJar : add dma
2025-12-11 10:27:52,072 [INFO] IPUIPlugin:80 - create IPUIPlugin
2025-12-11 10:27:52,072 [INFO] PluginManager:220 - loadIPPluginJar : add dma3
2025-12-11 10:27:52,080 [INFO] IPUIPlugin:80 - create IPUIPlugin
2025-12-11 10:27:52,080 [INFO] PluginManager:220 - loadIPPluginJar : add extmemmanager
2025-12-11 10:27:52,084 [INFO] IPUIPlugin:80 - create IPUIPlugin
2025-12-11 10:27:52,084 [INFO] PluginManager:220 - loadIPPluginJar : add fatfs
2025-12-11 10:27:52,094 [INFO] IPUIPlugin:80 - create IPUIPlugin
2025-12-11 10:27:52,094 [INFO] PluginManager:220 - loadIPPluginJar : add fmc
2025-12-11 10:27:52,113 [INFO] IPUIPlugin:80 - create IPUIPlugin
2025-12-11 10:27:52,113 [INFO] PluginManager:220 - loadIPPluginJar : add freertos
2025-12-11 10:27:52,117 [INFO] IPUIPlugin:80 - create IPUIPlugin
2025-12-11 10:27:52,118 [INFO] PluginManager:220 - loadIPPluginJar : add genericplugin
2025-12-11 10:27:52,123 [INFO] IPUIPlugin:80 - create IPUIPlugin
2025-12-11 10:27:52,123 [INFO] PluginManager:220 - loadIPPluginJar : add gfxmmu
2025-12-11 10:27:52,134 [INFO] IPUIPlugin:80 - create IPUIPlugin
2025-12-11 10:27:52,135 [INFO] PluginManager:220 - loadIPPluginJar : add gic
2025-12-11 10:27:52,143 [INFO] IPUIPlugin:80 - create IPUIPlugin
2025-12-11 10:27:52,144 [INFO] PluginManager:220 - loadIPPluginJar : add gpio
2025-12-11 10:27:52,150 [INFO] IPUIPlugin:80 - create IPUIPlugin
2025-12-11 10:27:52,151 [INFO] PluginManager:220 - loadIPPluginJar : add gtzc
2025-12-11 10:27:52,156 [INFO] IPUIPlugin:80 - create IPUIPlugin
2025-12-11 10:27:52,156 [INFO] PluginManager:220 - loadIPPluginJar : add hash
2025-12-11 10:27:52,163 [INFO] IPUIPlugin:80 - create IPUIPlugin
2025-12-11 10:27:52,163 [INFO] PluginManager:220 - loadIPPluginJar : add i2c
2025-12-11 10:27:52,170 [INFO] IPUIPlugin:80 - create IPUIPlugin
2025-12-11 10:27:52,170 [INFO] PluginManager:220 - loadIPPluginJar : add i2s
2025-12-11 10:27:52,178 [INFO] IPUIPlugin:80 - create IPUIPlugin
2025-12-11 10:27:52,178 [INFO] PluginManager:220 - loadIPPluginJar : add i3c
2025-12-11 10:27:52,187 [INFO] IPUIPlugin:80 - create IPUIPlugin
2025-12-11 10:27:52,187 [INFO] PluginManager:220 - loadIPPluginJar : add ipddr
2025-12-11 10:27:52,203 [INFO] IPUIPlugin:80 - create IPUIPlugin
2025-12-11 10:27:52,203 [INFO] PluginManager:220 - loadIPPluginJar : add linkedlist
2025-12-11 10:27:52,210 [INFO] IPUIPlugin:80 - create IPUIPlugin
2025-12-11 10:27:52,211 [INFO] PluginManager:220 - loadIPPluginJar : add lorawan
2025-12-11 10:27:52,215 [INFO] IPUIPlugin:80 - create IPUIPlugin
2025-12-11 10:27:52,216 [INFO] PluginManager:220 - loadIPPluginJar : add ltdc
2025-12-11 10:27:52,233 [INFO] IPUIPlugin:80 - create IPUIPlugin
2025-12-11 10:27:52,233 [INFO] PluginManager:220 - loadIPPluginJar : add mdma
2025-12-11 10:27:52,242 [INFO] IPUIPlugin:80 - create IPUIPlugin
2025-12-11 10:27:52,242 [INFO] PluginManager:220 - loadIPPluginJar : add nvic
2025-12-11 10:27:52,248 [INFO] IPUIPlugin:80 - create IPUIPlugin
2025-12-11 10:27:52,249 [INFO] PluginManager:220 - loadIPPluginJar : add opamp
2025-12-11 10:27:52,258 [INFO] IPUIPlugin:80 - create IPUIPlugin
2025-12-11 10:27:52,259 [INFO] PluginManager:220 - loadIPPluginJar : add openamp
2025-12-11 10:27:52,267 [INFO] IPUIPlugin:80 - create IPUIPlugin
2025-12-11 10:27:52,268 [INFO] PluginManager:220 - loadIPPluginJar : add pdm2pcm
2025-12-11 10:27:52,279 [INFO] IPUIPlugin:80 - create IPUIPlugin
2025-12-11 10:27:52,286 [INFO] PluginManager:220 - loadIPPluginJar : add plateformsettings
2025-12-11 10:27:52,290 [INFO] IPUIPlugin:80 - create IPUIPlugin
2025-12-11 10:27:52,290 [INFO] PluginManager:220 - loadIPPluginJar : add quadspi
2025-12-11 10:27:52,294 [INFO] IPUIPlugin:80 - create IPUIPlugin
2025-12-11 10:27:52,297 [INFO] PluginManager:220 - loadIPPluginJar : add radio
2025-12-11 10:27:52,306 [INFO] IPUIPlugin:80 - create IPUIPlugin
2025-12-11 10:27:52,306 [INFO] PluginManager:220 - loadIPPluginJar : add resmgrutility
2025-12-11 10:27:52,312 [INFO] IPUIPlugin:80 - create IPUIPlugin
2025-12-11 10:27:52,312 [INFO] PluginManager:220 - loadIPPluginJar : add sai
2025-12-11 10:27:52,320 [INFO] IPUIPlugin:80 - create IPUIPlugin
2025-12-11 10:27:52,320 [INFO] PluginManager:220 - loadIPPluginJar : add spi
2025-12-11 10:27:52,332 [INFO] IPUIPlugin:80 - create IPUIPlugin
2025-12-11 10:27:52,332 [INFO] PluginManager:220 - loadIPPluginJar : add stm32_wpan
2025-12-11 10:27:52,337 [INFO] IPUIPlugin:80 - create IPUIPlugin
2025-12-11 10:27:52,337 [INFO] PluginManager:220 - loadIPPluginJar : add tim
2025-12-11 10:27:52,343 [INFO] IPUIPlugin:80 - create IPUIPlugin
2025-12-11 10:27:52,344 [INFO] PluginManager:220 - loadIPPluginJar : add touchsensing
2025-12-11 10:27:52,349 [INFO] IPUIPlugin:80 - create IPUIPlugin
2025-12-11 10:27:52,349 [INFO] PluginManager:220 - loadIPPluginJar : add tracer_emb
2025-12-11 10:27:52,354 [INFO] IPUIPlugin:80 - create IPUIPlugin
2025-12-11 10:27:52,354 [INFO] PluginManager:220 - loadIPPluginJar : add ts
2025-12-11 10:27:52,358 [INFO] IPUIPlugin:80 - create IPUIPlugin
2025-12-11 10:27:52,358 [INFO] PluginManager:220 - loadIPPluginJar : add tsc
2025-12-11 10:27:52,363 [INFO] IPUIPlugin:80 - create IPUIPlugin
2025-12-11 10:27:52,364 [INFO] PluginManager:220 - loadIPPluginJar : add ucpd
2025-12-11 10:27:52,370 [INFO] IPUIPlugin:80 - create IPUIPlugin
2025-12-11 10:27:52,370 [INFO] PluginManager:220 - loadIPPluginJar : add usart
2025-12-11 10:27:52,377 [INFO] IPUIPlugin:80 - create IPUIPlugin
2025-12-11 10:27:52,377 [INFO] PluginManager:220 - loadIPPluginJar : add usbx
2025-12-11 10:27:52,603 [INFO] CADModel:165 - CPN selected for project level
2025-12-11 10:27:52,604 [INFO] CADModel:114 - Register for checkConnection events
2025-12-11 10:27:52,604 [FATAL] Updater:334 - Updater called before beeing initialized
2025-12-11 10:27:52,604 [ERROR] CADModel:125 - Updater not yet initialized, retry later 
2025-12-11 10:27:52,950 [INFO] CADModel:165 - CPN selected for project level
2025-12-11 10:27:52,950 [INFO] CADModel:114 - Register for checkConnection events
2025-12-11 10:27:52,950 [FATAL] Updater:334 - Updater called before beeing initialized
2025-12-11 10:27:52,950 [ERROR] CADModel:125 - Updater not yet initialized, retry later 
2025-12-11 10:27:52,956 [FATAL] Updater:334 - Updater called before beeing initialized
2025-12-11 10:27:53,200 [FATAL] Updater:334 - Updater called before beeing initialized
2025-12-11 10:27:53,209 [INFO] DbMcusAds:53 - JSON generation date=Tue Nov 25 15:08:32 CET 2025 (1764079712835)
2025-12-11 10:27:53,209 [FATAL] Updater:334 - Updater called before beeing initialized
2025-12-11 10:27:53,305 [WARN] DetailPanel:346 - Failed to get advertising image, set to default
2025-12-11 10:27:53,495 [FATAL] Updater:334 - Updater called before beeing initialized
2025-12-11 10:27:53,498 [FATAL] Updater:334 - Updater called before beeing initialized
2025-12-11 10:27:53,498 [FATAL] Updater:334 - Updater called before beeing initialized
2025-12-11 10:27:53,498 [WARN] DetailPanel:346 - Failed to get advertising image, set to default
2025-12-11 10:27:53,501 [FATAL] Updater:334 - Updater called before beeing initialized
2025-12-11 10:27:53,618 [ERROR] Updater:1164 - MainUpdater not yet initialized. External WinMGr cannot be set.
2025-12-11 10:27:53,625 [INFO] Updater:1100 - Updater Version found : 6.12.1
2025-12-11 10:27:53,669 [INFO] ApplicationProperties:184 - Using Application install path: C:\ST\STM32CubeIDE_1.16.1\STM32CubeIDE\plugins\com.st.stm32cube.common.mx_6.12.1.202409122256
2025-12-11 10:27:53,773 [INFO] ThirdPartyUpdaterWithRetryManager:70 - Updater plugin not ready yet. [2/15]
2025-12-11 10:27:55,270 [ERROR] LogOutputStream:75 - [STDERR_REDIRECT] Dec 11, 2025 10:27:55 AM java.util.prefs.WindowsPreferences <init>
2025-12-11 10:27:55,275 [ERROR] LogOutputStream:75 - [STDERR_REDIRECT] WARNING: Could not open/create prefs root node Software\JavaSoft\Prefs at root 0xffffffff80000002. Windows RegCreateKeyEx(...) returned error code 5.
2025-12-11 10:27:55,276 [ERROR] LogOutputStream:75 - [STDERR_REDIRECT] 
2025-12-11 10:27:56,774 [FATAL] Updater:334 - Updater called before beeing initialized
2025-12-11 10:27:56,775 [ERROR] IntegrityCheckThread:130 - Cannot retrieve database content from updater: error 21
2025-12-11 10:27:56,776 [INFO] ThirdParty:978 - Integrity check success = false
2025-12-11 10:27:56,776 [INFO] IntegrityCheckThread:100 - exiting critical section [integrity check]
2025-12-11 10:27:56,776 [INFO] IntegrityCheckThread:103 - End integrity checks thread
2025-12-11 10:27:56,818 [INFO] MainUpdater:2873 - connection check result : 10
2025-12-11 10:27:56,820 [INFO] MainUpdater:290 - Updater Check For Update Now.
2025-12-11 10:27:56,820 [INFO] MicroXplorer:498 - Change Database Version : DB.6.0.121
2025-12-11 10:27:56,839 [INFO] McuFinderGlobals:63 - Set McuFinder mode to 2 (CubeIDE integrated)
2025-12-11 10:27:56,841 [INFO] UserAuth:417 - Internet connection configuration mode: 1
2025-12-11 10:27:56,905 [INFO] JxBrowserEngine:152 - Initiate JxBrowser Engine with user profile folder
2025-12-11 10:27:57,073 [INFO] CheckServerUpdateThread:120 - End of CheckServer Thread
2025-12-11 10:27:59,309 [INFO] WebApp:167 - Instantiating new browser for Auth
2025-12-11 10:28:00,975 [INFO] WebApp:448 - Apply proxy settings
2025-12-11 10:28:00,976 [INFO] WebApp:533 - Chromium requires no authentication
2025-12-11 10:28:00,993 [INFO] WebApp:476 - Direct internet connection detected
2025-12-11 10:28:01,047 [INFO] WebApp:869 - Register for checkConnection events
2025-12-11 10:28:01,047 [INFO] WebApp:448 - Apply proxy settings
2025-12-11 10:28:01,047 [INFO] WebApp:533 - Chromium requires no authentication
2025-12-11 10:28:01,048 [INFO] WebApp:476 - Direct internet connection detected
2025-12-11 10:28:01,484 [INFO] WebApp:220 - Starting web application
2025-12-11 10:28:01,486 [INFO] WebApp:578 - Web application path used C:\ST\STM32CubeIDE_1.16.1\STM32CubeIDE\plugins\com.st.stm32cube.common.mx_6.12.1.202409122256\db\plugins\mcufinder\reactClient1\index.html
2025-12-11 10:28:01,680 [INFO] UserAuth:417 - Internet connection configuration mode: 1
2025-12-11 10:28:01,873 [INFO] WebApp:186 - Connection restablished
2025-12-11 10:28:51,260 [ERROR] LogOutputStream:75 - [STDERR_REDIRECT] 
2025-12-11 10:28:51,262 [ERROR] LogOutputStream:75 - [STDERR_REDIRECT] 
